<?xml version="1.0" encoding="UTF-8"?>
<!-- Generated by org.testng.reporters.JUnitXMLReporter -->
<testsuite ignored="0" hostname="DESKTOP-EF2N6LC" failures="0" tests="5" name="TestAnnotationsSecond" time="0.056" errors="0" timestamp="2023-09-19T10:05:32 IST">
  <testcase classname="miscelleneous.TestNGDemoC" name="demoC" time="0.004"/>
  <testcase classname="miscelleneous.TestNGDemoC" name="printStatus" time="0.009"/>
  <testcase classname="miscelleneous.TestNGDemoC" name="printStream" time="0.002"/>
  <testcase classname="testng.TestNGDemoD" name="demoD" time="0.003"/>
  <testcase classname="testng.TestNGDemoE" name="demoE" time="0.002"/>
</testsuite> <!-- TestAnnotationsSecond -->
