<?xml version="1.0" encoding="UTF-8"?>
<!-- Generated by org.testng.reporters.JUnitXMLReporter -->
<testsuite ignored="0" hostname="DESKTOP-EF2N6LC" failures="0" tests="9" name="TestAnnotations" time="0.335" errors="0" timestamp="2023-09-19T09:57:34 IST">
  <testcase classname="miscelleneous.TestNGDemoA" name="demoA" time="0.011"/>
  <testcase classname="miscelleneous.TestNGDemoB" name="demoB" time="0.007"/>
  <testcase classname="miscelleneous.TestNGDemoB" name="printName" time="0.008"/>
  <testcase classname="miscelleneous.TestNGDemoC" name="demoC" time="0.011"/>
  <testcase classname="miscelleneous.TestNGDemoC" name="printStatus" time="0.008"/>
  <testcase classname="miscelleneous.TestNGDemoC" name="printStream" time="0.006"/>
  <testcase classname="testng.TestNGDemoD" name="demoD" time="0.005"/>
  <testcase classname="testng.TestNGDemoF" name="demoF" time="0.004"/>
  <testcase classname="testng.SkipTestCase" name="skipTestCase" time="0.002">
    <skipped/>
  </testcase> <!-- skipTestCase -->
</testsuite> <!-- TestAnnotations -->
