<?xml version="1.0" encoding="UTF-8"?>
<!-- Generated by org.testng.reporters.JUnitXMLReporter -->
<testsuite ignored="0" hostname="DESKTOP-EF2N6LC" failures="0" tests="4" name="TestAnnotationsFirst" time="0.158" errors="0" timestamp="2023-09-19T10:18:43 IST">
  <testcase classname="testng.SkipTestCase" name="skipTestCase" time="0.007">
    <skipped/>
  </testcase> <!-- skipTestCase -->
  <testcase classname="testng.TestNGDemoD" name="demoD" time="0.003"/>
  <testcase classname="testng.TestNGDemoE" name="demoE" time="0.003"/>
  <testcase classname="testng.TestNGDemoF" name="demoF" time="0.001"/>
</testsuite> <!-- TestAnnotationsFirst -->
