<?xml version="1.0" encoding="UTF-8"?>
<!-- Generated by org.testng.reporters.JUnitXMLReporter -->
<testsuite ignored="10" hostname="DESKTOP-EF2N6LC" failures="0" tests="2" name="SmokyTest" time="0.17" errors="0" timestamp="2023-09-19T10:32:39 IST">
  <testcase classname="testng.TestNGDemoD" name="smokeMethodA" time="0.018"/>
  <testcase classname="miscelleneous.TestNGDemoA" name="smokeMethodB" time="0.018"/>
  <testcase classname="testng.TestNGDemoD" name="demoD" time="0.0">
    <ignored/>
  </testcase> <!-- demoD -->
  <testcase classname="miscelleneous.TestNGDemoC" name="printStatus" time="0.0">
    <ignored/>
  </testcase> <!-- printStatus -->
  <testcase classname="testng.TestNGDemoE" name="demoE" time="0.0">
    <ignored/>
  </testcase> <!-- demoE -->
  <testcase classname="testng.TestNGDemoF" name="demoF" time="0.0">
    <ignored/>
  </testcase> <!-- demoF -->
  <testcase classname="miscelleneous.TestNGDemoB" name="printName" time="0.0">
    <ignored/>
  </testcase> <!-- printName -->
  <testcase classname="miscelleneous.TestNGDemoA" name="demoA" time="0.0">
    <ignored/>
  </testcase> <!-- demoA -->
  <testcase classname="testng.SkipTestCase" name="skipTestCase" time="0.0">
    <ignored/>
  </testcase> <!-- skipTestCase -->
  <testcase classname="miscelleneous.TestNGDemoC" name="demoC" time="0.0">
    <ignored/>
  </testcase> <!-- demoC -->
  <testcase classname="miscelleneous.TestNGDemoB" name="demoB" time="0.0">
    <ignored/>
  </testcase> <!-- demoB -->
  <testcase classname="miscelleneous.TestNGDemoC" name="printStream" time="0.0">
    <ignored/>
  </testcase> <!-- printStream -->
</testsuite> <!-- SmokyTest -->
