<?xml version="1.0" encoding="UTF-8"?>
<!-- Generated by org.testng.reporters.JUnitXMLReporter -->
<testsuite ignored="0" hostname="DESKTOP-EF2N6LC" failures="1" tests="3" name="Test" time="16.481" errors="0" timestamp="2023-09-19T18:17:36 IST">
  <testcase classname="testng.ClassToListen" name="openBlogC" time="14.306">
    <skipped/>
  </testcase> <!-- openBlogC -->
  <testcase classname="testng.ClassToListen" name="openBlogB" time="15.142">
    <failure type="java.lang.AssertionError" message="expected [true] but found [false]">
      <![CDATA[java.lang.AssertionError: expected [true] but found [false]
at testng.ClassToListen.openBlogB(ClassToListen.java:46)
at java.base/java.util.concurrent.ThreadPoolExecutor.runWorker(ThreadPoolExecutor.java:1136)
at java.base/java.util.concurrent.ThreadPoolExecutor$Worker.run(ThreadPoolExecutor.java:635)
at java.base/java.lang.Thread.run(Thread.java:833)
... Removed 16 stack frames]]>
    </failure>
  </testcase> <!-- openBlogB -->
  <testcase classname="testng.ClassToListen" name="openBlogA" time="16.373"/>
</testsuite> <!-- Test -->
