<?xml version="1.0" encoding="UTF-8"?>
<!-- Generated by org.testng.reporters.JUnitXMLReporter -->
<testsuite ignored="0" hostname="DESKTOP-EF2N6LC" failures="0" tests="4" name="Test2" time="5.614" errors="0" timestamp="2023-09-19T16:37:07 IST">
  <testcase classname="miscelleneous.TestNGDemoB" name="demoB" time="0.002"/>
  <testcase classname="miscelleneous.TestNGDemoB" name="printName" time="0.004"/>
  <testcase classname="miscelleneous.TestNGDemoG" name="openBlog" time="0.004"/>
  <testcase classname="miscelleneous.TestNGDemoG" name="openBlogA" time="5.573"/>
</testsuite> <!-- Test2 -->
