<?xml version="1.0" encoding="UTF-8"?>
<!-- Generated by org.testng.reporters.JUnitXMLReporter -->
<testsuite ignored="0" hostname="DESKTOP-EF2N6LC" failures="0" tests="6" name="TestAnnotationsSecond" time="0.063" errors="0" timestamp="2023-09-19T23:40:10 IST">
  <testcase classname="miscelleneous.TestNGDemoC" name="demoC" time="0.002"/>
  <testcase classname="miscelleneous.TestNGDemoC" name="printStatus" time="0.003"/>
  <testcase classname="miscelleneous.TestNGDemoC" name="printStream" time="0.001"/>
  <testcase classname="testng.TestNGDemoD" name="demoD" time="0.007"/>
  <testcase classname="testng.TestNGDemoD" name="smokeMethodA" time="0.001"/>
  <testcase classname="testng.TestNGDemoE" name="demoE" time="0.002"/>
</testsuite> <!-- TestAnnotationsSecond -->
