<?xml version="1.0" encoding="UTF-8"?>
<testng-results ignored="0" total="1" passed="1" failed="0" skipped="0">
  <reporter-output>
  </reporter-output>
  <suite started-at="2023-09-21T14:46:17 IST" name="Default suite" finished-at="2023-09-21T14:46:35 IST" duration-ms="17677">
    <groups>
    </groups>
    <test started-at="2023-09-21T14:46:17 IST" name="Default test" finished-at="2023-09-21T14:46:35 IST" duration-ms="17677">
      <class name="autoIt.UploadFileAutoIt">
        <test-method signature="uploadFile()[pri:0, instance:autoIt.UploadFileAutoIt@22555ebf]" started-at="2023-09-21T14:46:17 IST" name="uploadFile" finished-at="2023-09-21T14:46:35 IST" duration-ms="17577" status="PASS">
          <reporter-output>
          </reporter-output>
        </test-method> <!-- uploadFile -->
      </class> <!-- autoIt.UploadFileAutoIt -->
    </test> <!-- Default test -->
  </suite> <!-- Default suite -->
</testng-results>
